<?xml version="1.0" encoding="UTF-8"?>
<testng-results ignored="0" total="1" passed="0" failed="1" skipped="0">
  <reporter-output>
  </reporter-output>
  <suite started-at="2025-12-18T21:15:14 IST" name="Default suite" finished-at="2025-12-18T21:15:15 IST" duration-ms="273">
    <groups>
      <group name="cucumber">
        <method signature="AbstractTestNGCucumberTests.runScenario(io.cucumber.testng.PickleWrapper,io.cucumber.testng.FeatureWrapper)[pri:0, instance:Step_Definition.TestRunner@1bb5a082]" name="runScenario" class="io.cucumber.testng.AbstractTestNGCucumberTests"/>
      </group> <!-- cucumber -->
    </groups>
    <test started-at="2025-12-18T21:15:14 IST" name="Default test" finished-at="2025-12-18T21:15:15 IST" duration-ms="273">
      <class name="Step_Definition.TestRunner">
        <test-method is-config="true" signature="setUpClass(org.testng.ITestContext)[pri:0, instance:Step_Definition.TestRunner@1bb5a082]" started-at="2025-12-18T21:15:14 IST" name="setUpClass" finished-at="2025-12-18T21:15:15 IST" duration-ms="160" status="PASS">
          <params>
            <param index="0">
              <value>
                <![CDATA[org.testng.TestRunner@740d2e78]]>
              </value>
            </param>
          </params>
          <reporter-output>
          </reporter-output>
        </test-method> <!-- setUpClass -->
        <test-method signature="runScenario(io.cucumber.testng.PickleWrapper,io.cucumber.testng.FeatureWrapper)[pri:0, instance:Step_Definition.TestRunner@1bb5a082]" started-at="2025-12-18T21:15:15 IST" name="runScenario" description="Runs Cucumber Scenarios" data-provider="scenarios" finished-at="2025-12-18T21:15:15 IST" duration-ms="78" status="FAIL">
          <params>
            <param index="0">
              <value>
                <![CDATA["Verify the user is able to login"]]>
              </value>
            </param>
            <param index="1">
              <value>
                <![CDATA["Testing Cyclos login funcitonality"]]>
              </value>
            </param>
          </params>
          <exception class="io.cucumber.testng.UndefinedStepException">
            <message>
              <![CDATA[The step 'the user is on login page' and 4 other step(s) are undefined.
You can implement these steps using the snippet(s) below:

@Given("the user is on login page")
public void the_user_is_on_login_page() {
    // Write code here that turns the phrase above into concrete actions
    throw new io.cucumber.java.PendingException();
}
@When("click on the loginlink")
public void click_on_the_loginlink() {
    // Write code here that turns the phrase above into concrete actions
    throw new io.cucumber.java.PendingException();
}
@When("the user enters a valid username and password")
public void the_user_enters_a_valid_username_and_password() {
    // Write code here that turns the phrase above into concrete actions
    throw new io.cucumber.java.PendingException();
}
@When("click on submit button")
public void click_on_submit_button() {
    // Write code here that turns the phrase above into concrete actions
    throw new io.cucumber.java.PendingException();
}
@Then("verify the logout link")
public void verify_the_logout_link() {
    // Write code here that turns the phrase above into concrete actions
    throw new io.cucumber.java.PendingException();
}
]]>
            </message>
            <full-stacktrace>
              <![CDATA[io.cucumber.testng.UndefinedStepException: The step 'the user is on login page' and 4 other step(s) are undefined.
You can implement these steps using the snippet(s) below:

@Given("the user is on login page")
public void the_user_is_on_login_page() {
    // Write code here that turns the phrase above into concrete actions
    throw new io.cucumber.java.PendingException();
}
@When("click on the loginlink")
public void click_on_the_loginlink() {
    // Write code here that turns the phrase above into concrete actions
    throw new io.cucumber.java.PendingException();
}
@When("the user enters a valid username and password")
public void the_user_enters_a_valid_username_and_password() {
    // Write code here that turns the phrase above into concrete actions
    throw new io.cucumber.java.PendingException();
}
@When("click on submit button")
public void click_on_submit_button() {
    // Write code here that turns the phrase above into concrete actions
    throw new io.cucumber.java.PendingException();
}
@Then("verify the logout link")
public void verify_the_logout_link() {
    // Write code here that turns the phrase above into concrete actions
    throw new io.cucumber.java.PendingException();
}

at ✽.the user is on login page(file:///C:/Users/vasav/eclipse-workspace/Cyclos.Cucumber/Featurefile/login.feature:5)
]]>
            </full-stacktrace>
          </exception> <!-- io.cucumber.testng.UndefinedStepException -->
          <reporter-output>
          </reporter-output>
        </test-method> <!-- runScenario -->
        <test-method is-config="true" signature="tearDownClass()[pri:0, instance:Step_Definition.TestRunner@1bb5a082]" started-at="2025-12-18T21:15:15 IST" name="tearDownClass" finished-at="2025-12-18T21:15:15 IST" duration-ms="3" status="PASS">
          <reporter-output>
          </reporter-output>
        </test-method> <!-- tearDownClass -->
      </class> <!-- Step_Definition.TestRunner -->
    </test> <!-- Default test -->
  </suite> <!-- Default suite -->
</testng-results>
