<?xml version="1.0" encoding="UTF-8"?>
<!-- Generated by org.testng.reporters.JUnitReportReporter -->
<testsuite hostname="LAPTOP-V8NON8AH" failures="0" tests="1" name="Step_Definition.TestRunner" time="0.078" errors="1" timestamp="2025-12-18T21:15:15 IST" skipped="0">
  <testcase classname="Step_Definition.TestRunner" name="runScenario" time="0.078">
    <error message="The step &#039;the user is on login page&#039; and 4 other step(s) are undefined.
You can implement these steps using the snippet(s) below:

@Given(&quot;the user is on login page&quot;)
public void the_user_is_on_login_page() {
    // Write code here that turns the phrase above into concrete actions
    throw new io.cucumber.java.PendingException();
}
@When(&quot;click on the loginlink&quot;)
public void click_on_the_loginlink() {
    // Write code here that turns the phrase above into concrete actions
    throw new io.cucumber.java.PendingException();
}
@When(&quot;the user enters a valid username and password&quot;)
public void the_user_enters_a_valid_username_and_password() {
    // Write code here that turns the phrase above into concrete actions
    throw new io.cucumber.java.PendingException();
}
@When(&quot;click on submit button&quot;)
public void click_on_submit_button() {
    // Write code here that turns the phrase above into concrete actions
    throw new io.cucumber.java.PendingException();
}
@Then(&quot;verify the logout link&quot;)
public void verify_the_logout_link() {
    // Write code here that turns the phrase above into concrete actions
    throw new io.cucumber.java.PendingException();
}
" type="io.cucumber.testng.UndefinedStepException">
      <![CDATA[io.cucumber.testng.UndefinedStepException: The step 'the user is on login page' and 4 other step(s) are undefined.
You can implement these steps using the snippet(s) below:

@Given("the user is on login page")
public void the_user_is_on_login_page() {
    // Write code here that turns the phrase above into concrete actions
    throw new io.cucumber.java.PendingException();
}
@When("click on the loginlink")
public void click_on_the_loginlink() {
    // Write code here that turns the phrase above into concrete actions
    throw new io.cucumber.java.PendingException();
}
@When("the user enters a valid username and password")
public void the_user_enters_a_valid_username_and_password() {
    // Write code here that turns the phrase above into concrete actions
    throw new io.cucumber.java.PendingException();
}
@When("click on submit button")
public void click_on_submit_button() {
    // Write code here that turns the phrase above into concrete actions
    throw new io.cucumber.java.PendingException();
}
@Then("verify the logout link")
public void verify_the_logout_link() {
    // Write code here that turns the phrase above into concrete actions
    throw new io.cucumber.java.PendingException();
}

at ✽.the user is on login page(file:///C:/Users/vasav/eclipse-workspace/Cyclos.Cucumber/Featurefile/login.feature:5)
]]>
    </error>
  </testcase> <!-- runScenario -->
  <system-out/>
</testsuite> <!-- Step_Definition.TestRunner -->
